<?xml version="1.0" encoding="utf-8"?><testsuites name="pytest tests"><testsuite name="pytest" errors="0" failures="0" skipped="0" tests="198" time="11.840" timestamp="2026-09-15T21:21:14.633488-04:00" hostname="twouble"><testcase classname="tests.test_aggregate_replacement" name="test_every_aggregate_conflict_rejects_before_replacement[REPLACE INTO players VALUES ('00000000000000000000000000000001', 100, 1, 'active')-0]" time="0.135" /><testcase classname="tests.test_aggregate_replacement" name="test_every_aggregate_conflict_rejects_before_replacement[REPLACE INTO players VALUES ('00000000000000000000000000000001', 100, 1, 'active')-1]" time="0.076" /><testcase classname="tests.test_aggregate_replacement" name="test_every_aggregate_conflict_rejects_before_replacement[REPLACE INTO players VALUES ('00000000000000000000000000000003', 1, 1, 'active')-0]" time="0.081" /><testcase classname="tests.test_aggregate_replacement" name="test_every_aggregate_conflict_rejects_before_replacement[REPLACE INTO players VALUES ('00000000000000000000000000000003', 1, 1, 'active')-1]" time="0.083" /><testcase classname="tests.test_aggregate_replacement" name="test_every_aggregate_conflict_rejects_before_replacement[REPLACE INTO economy_accounts VALUES ('0000000000000000000000000000000b', '00000000000000000000000000000002', 'wallet', 'coin', NULL, 1)-0]" time="0.070" /><testcase classname="tests.test_aggregate_replacement" name="test_every_aggregate_conflict_rejects_before_replacement[REPLACE INTO economy_accounts VALUES ('0000000000000000000000000000000b', '00000000000000000000000000000002', 'wallet', 'coin', NULL, 1)-1]" time="0.070" /><testcase classname="tests.test_aggregate_replacement" name="test_every_aggregate_conflict_rejects_before_replacement[REPLACE INTO economy_accounts VALUES ('0000000000000000000000000000000e', '00000000000000000000000000000001', 'wallet', 'coin', NULL, 1)-0]" time="0.063" /><testcase classname="tests.test_aggregate_replacement" name="test_every_aggregate_conflict_rejects_before_replacement[REPLACE INTO economy_accounts VALUES ('0000000000000000000000000000000e', '00000000000000000000000000000001', 'wallet', 'coin', NULL, 1)-1]" time="0.068" /><testcase classname="tests.test_aggregate_replacement" name="test_every_aggregate_conflict_rejects_before_replacement[REPLACE INTO economy_accounts VALUES ('0000000000000000000000000000000e', NULL, 'issuance', 'coin', 'test.issue', 1)-0]" time="0.065" /><testcase classname="tests.test_aggregate_replacement" name="test_every_aggregate_conflict_rejects_before_replacement[REPLACE INTO economy_accounts VALUES ('0000000000000000000000000000000e', NULL, 'issuance', 'coin', 'test.issue', 1)-1]" time="0.072" /><testcase classname="tests.test_aggregate_replacement" name="test_every_aggregate_conflict_rejects_before_replacement[INSERT OR REPLACE INTO economy_account_balances VALUES ('0000000000000000000000000000000b', 'wallet', 100, 0)-0]" time="0.076" /><testcase classname="tests.test_aggregate_replacement" name="test_every_aggregate_conflict_rejects_before_replacement[INSERT OR REPLACE INTO economy_account_balances VALUES ('0000000000000000000000000000000b', 'wallet', 100, 0)-1]" time="0.070" /><testcase classname="tests.test_aggregate_replacement" name="test_every_aggregate_conflict_rejects_before_replacement[INSERT INTO players VALUES ('00000000000000000000000000000001', 1, 1, 'active') ON CONFLICT DO NOTHING-0]" time="0.068" /><testcase classname="tests.test_aggregate_replacement" name="test_every_aggregate_conflict_rejects_before_replacement[INSERT INTO players VALUES ('00000000000000000000000000000001', 1, 1, 'active') ON CONFLICT DO NOTHING-1]" time="0.073" /><testcase classname="tests.test_aggregate_replacement" name="test_every_aggregate_conflict_rejects_before_replacement[INSERT INTO players VALUES ('00000000000000000000000000000001', 1, 1, 'active') ON CONFLICT(id) DO UPDATE SET discord_user_id=100-0]" time="0.069" /><testcase classname="tests.test_aggregate_replacement" name="test_every_aggregate_conflict_rejects_before_replacement[INSERT INTO players VALUES ('00000000000000000000000000000001', 1, 1, 'active') ON CONFLICT(id) DO UPDATE SET discord_user_id=100-1]" time="0.075" /><testcase classname="tests.test_aggregate_replacement" name="test_reported_replacement_hole_is_blocked_and_rollback_restores_startup" time="0.153" /><testcase classname="tests.test_aggregate_replacement" name="test_multirow_conflict_aborts_prior_rows_in_same_statement" time="0.081" /><testcase classname="tests.test_aggregate_replacement" name="test_legal_near_internal_prefix_objects_are_rejected[sqliteXuncontracted-TABLE]" time="0.120" /><testcase classname="tests.test_aggregate_replacement" name="test_legal_near_internal_prefix_objects_are_rejected[sqliteXuncontracted-INDEX]" time="0.117" /><testcase classname="tests.test_aggregate_replacement" name="test_legal_near_internal_prefix_objects_are_rejected[sqliteXuncontracted-VIEW]" time="0.111" /><testcase classname="tests.test_aggregate_replacement" name="test_legal_near_internal_prefix_objects_are_rejected[sqliteXuncontracted-TRIGGER]" time="0.105" /><testcase classname="tests.test_aggregate_replacement" name="test_legal_near_internal_prefix_objects_are_rejected[SQLiteXuncontracted-TABLE]" time="0.108" /><testcase classname="tests.test_aggregate_replacement" name="test_legal_near_internal_prefix_objects_are_rejected[SQLiteXuncontracted-INDEX]" time="0.109" /><testcase classname="tests.test_aggregate_replacement" name="test_legal_near_internal_prefix_objects_are_rejected[SQLiteXuncontracted-VIEW]" time="0.102" /><testcase classname="tests.test_aggregate_replacement" name="test_legal_near_internal_prefix_objects_are_rejected[SQLiteXuncontracted-TRIGGER]" time="0.108" /><testcase classname="tests.test_aggregate_replacement" name="test_legal_near_internal_prefix_objects_are_rejected[sqlite1extra-TABLE]" time="0.107" /><testcase classname="tests.test_aggregate_replacement" name="test_legal_near_internal_prefix_objects_are_rejected[sqlite1extra-INDEX]" time="0.104" /><testcase classname="tests.test_aggregate_replacement" name="test_legal_near_internal_prefix_objects_are_rejected[sqlite1extra-VIEW]" time="0.103" /><testcase classname="tests.test_aggregate_replacement" name="test_legal_near_internal_prefix_objects_are_rejected[sqlite1extra-TRIGGER]" time="0.144" /><testcase classname="tests.test_aggregate_replacement" name="test_upgrade_records_old_replace_hole_without_recreating_money" time="0.139" /><testcase classname="tests.test_aggregate_replacement" name="test_stale_second_revision_cannot_be_stamped_as_current" time="0.089" /><testcase classname="tests.test_aggregate_replacement" name="test_data_bearing_downgrade_upgrade_preserves_aggregates" time="0.148" /><testcase classname="tests.test_native_gate_policy" name="test_every_required_native_case_must_be_present_and_pass[passed-tests.test_native_linux_gate::test_native_abstract_socket_lock_excludes_other_identity]" time="0.010" /><testcase classname="tests.test_native_gate_policy" name="test_every_required_native_case_must_be_present_and_pass[passed-tests.test_native_linux_gate::test_native_group_membership_controls_database_and_directory_access]" time="0.004" /><testcase classname="tests.test_native_gate_policy" name="test_every_required_native_case_must_be_present_and_pass[passed-tests.test_native_linux_gate::test_native_separate_network_namespace_is_rejected]" time="0.004" /><testcase classname="tests.test_native_gate_policy" name="test_every_required_native_case_must_be_present_and_pass[passed-tests.test_native_linux_gate::test_native_service_identity_accepts_exact_production_storage]" time="0.004" /><testcase classname="tests.test_native_gate_policy" name="test_every_required_native_case_must_be_present_and_pass[passed-tests.test_native_linux_gate::test_native_sticky_root_blocks_service_database_replacement]" time="0.004" /><testcase classname="tests.test_native_gate_policy" name="test_every_required_native_case_must_be_present_and_pass[passed-tests.test_native_linux_gate::test_native_symlink_and_hardlink_aliases_are_rejected]" time="0.004" /><testcase classname="tests.test_native_gate_policy" name="test_every_required_native_case_must_be_present_and_pass[passed-tests.test_native_linux_gate::test_native_unexpected_effective_capability_is_rejected]" time="0.004" /><testcase classname="tests.test_native_gate_policy" name="test_every_required_native_case_must_be_present_and_pass[passed-tests.test_process_lock_linux::test_linux_approved_root_replacement_during_active_transaction_fails_before_commit]" time="0.004" /><testcase classname="tests.test_native_gate_policy" name="test_every_required_native_case_must_be_present_and_pass[passed-tests.test_process_lock_linux::test_linux_database_replacement_during_active_transaction_fails_before_commit]" time="0.004" /><testcase classname="tests.test_native_gate_policy" name="test_every_required_native_case_must_be_present_and_pass[passed-tests.test_process_lock_linux::test_linux_process_ownership_requires_deployment_init_network_namespace]" time="0.004" /><testcase classname="tests.test_native_gate_policy" name="test_every_required_native_case_must_be_present_and_pass[passed-tests.test_process_lock_linux::test_linux_process_ownership_survives_lock_path_unlink_and_recreate]" time="0.004" /><testcase classname="tests.test_native_gate_policy" name="test_every_required_native_case_must_be_present_and_pass[passed-tests.test_process_lock_linux::test_linux_process_ownership_survives_root_rename_and_recreation]" time="0.004" /><testcase classname="tests.test_native_gate_policy" name="test_every_required_native_case_must_be_present_and_pass[passed-tests.test_sigterm_linux::test_native_sigterm_drains_transactions_and_releases_process_lock[active]]" time="0.004" /><testcase classname="tests.test_native_gate_policy" name="test_every_required_native_case_must_be_present_and_pass[passed-tests.test_sigterm_linux::test_native_sigterm_drains_transactions_and_releases_process_lock[committing]]" time="0.005" /><testcase classname="tests.test_native_gate_policy" name="test_every_required_native_case_must_be_present_and_pass[passed-tests.test_sigterm_linux::test_native_sigterm_drains_transactions_and_releases_process_lock[waiting]]" time="0.004" /><testcase classname="tests.test_native_gate_policy" name="test_every_required_native_case_must_be_present_and_pass[passed-tests.test_sigterm_linux::test_native_sigterm_fail_stops_while_transaction_owner_is_unresolved]" time="0.004" /><testcase classname="tests.test_native_gate_policy" name="test_every_required_native_case_must_be_present_and_pass[failure-tests.test_native_linux_gate::test_native_abstract_socket_lock_excludes_other_identity]" time="0.011" /><testcase classname="tests.test_native_gate_policy" name="test_every_required_native_case_must_be_present_and_pass[failure-tests.test_native_linux_gate::test_native_group_membership_controls_database_and_directory_access]" time="0.012" /><testcase classname="tests.test_native_gate_policy" name="test_every_required_native_case_must_be_present_and_pass[failure-tests.test_native_linux_gate::test_native_separate_network_namespace_is_rejected]" time="0.010" /><testcase classname="tests.test_native_gate_policy" name="test_every_required_native_case_must_be_present_and_pass[failure-tests.test_native_linux_gate::test_native_service_identity_accepts_exact_production_storage]" time="0.011" /><testcase classname="tests.test_native_gate_policy" name="test_every_required_native_case_must_be_present_and_pass[failure-tests.test_native_linux_gate::test_native_sticky_root_blocks_service_database_replacement]" time="0.010" /><testcase classname="tests.test_native_gate_policy" name="test_every_required_native_case_must_be_present_and_pass[failure-tests.test_native_linux_gate::test_native_symlink_and_hardlink_aliases_are_rejected]" time="0.011" /><testcase classname="tests.test_native_gate_policy" name="test_every_required_native_case_must_be_present_and_pass[failure-tests.test_native_linux_gate::test_native_unexpected_effective_capability_is_rejected]" time="0.010" /><testcase classname="tests.test_native_gate_policy" name="test_every_required_native_case_must_be_present_and_pass[failure-tests.test_process_lock_linux::test_linux_approved_root_replacement_during_active_transaction_fails_before_commit]" time="0.010" /><testcase classname="tests.test_native_gate_policy" name="test_every_required_native_case_must_be_present_and_pass[failure-tests.test_process_lock_linux::test_linux_database_replacement_during_active_transaction_fails_before_commit]" time="0.011" /><testcase classname="tests.test_native_gate_policy" name="test_every_required_native_case_must_be_present_and_pass[failure-tests.test_process_lock_linux::test_linux_process_ownership_requires_deployment_init_network_namespace]" time="0.010" /><testcase classname="tests.test_native_gate_policy" name="test_every_required_native_case_must_be_present_and_pass[failure-tests.test_process_lock_linux::test_linux_process_ownership_survives_lock_path_unlink_and_recreate]" time="0.011" /><testcase classname="tests.test_native_gate_policy" name="test_every_required_native_case_must_be_present_and_pass[failure-tests.test_process_lock_linux::test_linux_process_ownership_survives_root_rename_and_recreation]" time="0.011" /><testcase classname="tests.test_native_gate_policy" name="test_every_required_native_case_must_be_present_and_pass[failure-tests.test_sigterm_linux::test_native_sigterm_drains_transactions_and_releases_process_lock[active]]" time="0.010" /><testcase classname="tests.test_native_gate_policy" name="test_every_required_native_case_must_be_present_and_pass[failure-tests.test_sigterm_linux::test_native_sigterm_drains_transactions_and_releases_process_lock[committing]]" time="0.012" /><testcase classname="tests.test_native_gate_policy" name="test_every_required_native_case_must_be_present_and_pass[failure-tests.test_sigterm_linux::test_native_sigterm_drains_transactions_and_releases_process_lock[waiting]]" time="0.011" /><testcase classname="tests.test_native_gate_policy" name="test_every_required_native_case_must_be_present_and_pass[failure-tests.test_sigterm_linux::test_native_sigterm_fail_stops_while_transaction_owner_is_unresolved]" time="0.010" /><testcase classname="tests.test_native_gate_policy" name="test_every_required_native_case_must_be_present_and_pass[error-tests.test_native_linux_gate::test_native_abstract_socket_lock_excludes_other_identity]" time="0.011" /><testcase classname="tests.test_native_gate_policy" name="test_every_required_native_case_must_be_present_and_pass[error-tests.test_native_linux_gate::test_native_group_membership_controls_database_and_directory_access]" time="0.009" /><testcase classname="tests.test_native_gate_policy" name="test_every_required_native_case_must_be_present_and_pass[error-tests.test_native_linux_gate::test_native_separate_network_namespace_is_rejected]" time="0.012" /><testcase classname="tests.test_native_gate_policy" name="test_every_required_native_case_must_be_present_and_pass[error-tests.test_native_linux_gate::test_native_service_identity_accepts_exact_production_storage]" time="0.011" /><testcase classname="tests.test_native_gate_policy" name="test_every_required_native_case_must_be_present_and_pass[error-tests.test_native_linux_gate::test_native_sticky_root_blocks_service_database_replacement]" time="0.010" /><testcase classname="tests.test_native_gate_policy" name="test_every_required_native_case_must_be_present_and_pass[error-tests.test_native_linux_gate::test_native_symlink_and_hardlink_aliases_are_rejected]" time="0.011" /><testcase classname="tests.test_native_gate_policy" name="test_every_required_native_case_must_be_present_and_pass[error-tests.test_native_linux_gate::test_native_unexpected_effective_capability_is_rejected]" time="0.010" /><testcase classname="tests.test_native_gate_policy" name="test_every_required_native_case_must_be_present_and_pass[error-tests.test_process_lock_linux::test_linux_approved_root_replacement_during_active_transaction_fails_before_commit]" time="0.012" /><testcase classname="tests.test_native_gate_policy" name="test_every_required_native_case_must_be_present_and_pass[error-tests.test_process_lock_linux::test_linux_database_replacement_during_active_transaction_fails_before_commit]" time="0.011" /><testcase classname="tests.test_native_gate_policy" name="test_every_required_native_case_must_be_present_and_pass[error-tests.test_process_lock_linux::test_linux_process_ownership_requires_deployment_init_network_namespace]" time="0.011" /><testcase classname="tests.test_native_gate_policy" name="test_every_required_native_case_must_be_present_and_pass[error-tests.test_process_lock_linux::test_linux_process_ownership_survives_lock_path_unlink_and_recreate]" time="0.011" /><testcase classname="tests.test_native_gate_policy" name="test_every_required_native_case_must_be_present_and_pass[error-tests.test_process_lock_linux::test_linux_process_ownership_survives_root_rename_and_recreation]" time="0.010" /><testcase classname="tests.test_native_gate_policy" name="test_every_required_native_case_must_be_present_and_pass[error-tests.test_sigterm_linux::test_native_sigterm_drains_transactions_and_releases_process_lock[active]]" time="0.011" /><testcase classname="tests.test_native_gate_policy" name="test_every_required_native_case_must_be_present_and_pass[error-tests.test_sigterm_linux::test_native_sigterm_drains_transactions_and_releases_process_lock[committing]]" time="0.011" /><testcase classname="tests.test_native_gate_policy" name="test_every_required_native_case_must_be_present_and_pass[error-tests.test_sigterm_linux::test_native_sigterm_drains_transactions_and_releases_process_lock[waiting]]" time="0.011" /><testcase classname="tests.test_native_gate_policy" name="test_every_required_native_case_must_be_present_and_pass[error-tests.test_sigterm_linux::test_native_sigterm_fail_stops_while_transaction_owner_is_unresolved]" time="0.010" /><testcase classname="tests.test_native_gate_policy" name="test_every_required_native_case_must_be_present_and_pass[skipped-tests.test_native_linux_gate::test_native_abstract_socket_lock_excludes_other_identity]" time="0.011" /><testcase classname="tests.test_native_gate_policy" name="test_every_required_native_case_must_be_present_and_pass[skipped-tests.test_native_linux_gate::test_native_group_membership_controls_database_and_directory_access]" time="0.010" /><testcase classname="tests.test_native_gate_policy" name="test_every_required_native_case_must_be_present_and_pass[skipped-tests.test_native_linux_gate::test_native_separate_network_namespace_is_rejected]" time="0.011" /><testcase classname="tests.test_native_gate_policy" name="test_every_required_native_case_must_be_present_and_pass[skipped-tests.test_native_linux_gate::test_native_service_identity_accepts_exact_production_storage]" time="0.011" /><testcase classname="tests.test_native_gate_policy" name="test_every_required_native_case_must_be_present_and_pass[skipped-tests.test_native_linux_gate::test_native_sticky_root_blocks_service_database_replacement]" time="0.011" /><testcase classname="tests.test_native_gate_policy" name="test_every_required_native_case_must_be_present_and_pass[skipped-tests.test_native_linux_gate::test_native_symlink_and_hardlink_aliases_are_rejected]" time="0.011" /><testcase classname="tests.test_native_gate_policy" name="test_every_required_native_case_must_be_present_and_pass[skipped-tests.test_native_linux_gate::test_native_unexpected_effective_capability_is_rejected]" time="0.011" /><testcase classname="tests.test_native_gate_policy" name="test_every_required_native_case_must_be_present_and_pass[skipped-tests.test_process_lock_linux::test_linux_approved_root_replacement_during_active_transaction_fails_before_commit]" time="0.011" /><testcase classname="tests.test_native_gate_policy" name="test_every_required_native_case_must_be_present_and_pass[skipped-tests.test_process_lock_linux::test_linux_database_replacement_during_active_transaction_fails_before_commit]" time="0.011" /><testcase classname="tests.test_native_gate_policy" name="test_every_required_native_case_must_be_present_and_pass[skipped-tests.test_process_lock_linux::test_linux_process_ownership_requires_deployment_init_network_namespace]" time="0.011" /><testcase classname="tests.test_native_gate_policy" name="test_every_required_native_case_must_be_present_and_pass[skipped-tests.test_process_lock_linux::test_linux_process_ownership_survives_lock_path_unlink_and_recreate]" time="0.011" /><testcase classname="tests.test_native_gate_policy" name="test_every_required_native_case_must_be_present_and_pass[skipped-tests.test_process_lock_linux::test_linux_process_ownership_survives_root_rename_and_recreation]" time="0.017" /><testcase classname="tests.test_native_gate_policy" name="test_every_required_native_case_must_be_present_and_pass[skipped-tests.test_sigterm_linux::test_native_sigterm_drains_transactions_and_releases_process_lock[active]]" time="0.010" /><testcase classname="tests.test_native_gate_policy" name="test_every_required_native_case_must_be_present_and_pass[skipped-tests.test_sigterm_linux::test_native_sigterm_drains_transactions_and_releases_process_lock[committing]]" time="0.012" /><testcase classname="tests.test_native_gate_policy" name="test_every_required_native_case_must_be_present_and_pass[skipped-tests.test_sigterm_linux::test_native_sigterm_drains_transactions_and_releases_process_lock[waiting]]" time="0.011" /><testcase classname="tests.test_native_gate_policy" name="test_every_required_native_case_must_be_present_and_pass[skipped-tests.test_sigterm_linux::test_native_sigterm_fail_stops_while_transaction_owner_is_unresolved]" time="0.010" /><testcase classname="tests.test_native_gate_policy" name="test_every_required_native_case_must_be_present_and_pass[missing-tests.test_native_linux_gate::test_native_abstract_socket_lock_excludes_other_identity]" time="0.012" /><testcase classname="tests.test_native_gate_policy" name="test_every_required_native_case_must_be_present_and_pass[missing-tests.test_native_linux_gate::test_native_group_membership_controls_database_and_directory_access]" time="0.010" /><testcase classname="tests.test_native_gate_policy" name="test_every_required_native_case_must_be_present_and_pass[missing-tests.test_native_linux_gate::test_native_separate_network_namespace_is_rejected]" time="0.010" /><testcase classname="tests.test_native_gate_policy" name="test_every_required_native_case_must_be_present_and_pass[missing-tests.test_native_linux_gate::test_native_service_identity_accepts_exact_production_storage]" time="0.012" /><testcase classname="tests.test_native_gate_policy" name="test_every_required_native_case_must_be_present_and_pass[missing-tests.test_native_linux_gate::test_native_sticky_root_blocks_service_database_replacement]" time="0.011" /><testcase classname="tests.test_native_gate_policy" name="test_every_required_native_case_must_be_present_and_pass[missing-tests.test_native_linux_gate::test_native_symlink_and_hardlink_aliases_are_rejected]" time="0.011" /><testcase classname="tests.test_native_gate_policy" name="test_every_required_native_case_must_be_present_and_pass[missing-tests.test_native_linux_gate::test_native_unexpected_effective_capability_is_rejected]" time="0.012" /><testcase classname="tests.test_native_gate_policy" name="test_every_required_native_case_must_be_present_and_pass[missing-tests.test_process_lock_linux::test_linux_approved_root_replacement_during_active_transaction_fails_before_commit]" time="0.013" /><testcase classname="tests.test_native_gate_policy" name="test_every_required_native_case_must_be_present_and_pass[missing-tests.test_process_lock_linux::test_linux_database_replacement_during_active_transaction_fails_before_commit]" time="0.015" /><testcase classname="tests.test_native_gate_policy" name="test_every_required_native_case_must_be_present_and_pass[missing-tests.test_process_lock_linux::test_linux_process_ownership_requires_deployment_init_network_namespace]" time="0.011" /><testcase classname="tests.test_native_gate_policy" name="test_every_required_native_case_must_be_present_and_pass[missing-tests.test_process_lock_linux::test_linux_process_ownership_survives_lock_path_unlink_and_recreate]" time="0.012" /><testcase classname="tests.test_native_gate_policy" name="test_every_required_native_case_must_be_present_and_pass[missing-tests.test_process_lock_linux::test_linux_process_ownership_survives_root_rename_and_recreation]" time="0.012" /><testcase classname="tests.test_native_gate_policy" name="test_every_required_native_case_must_be_present_and_pass[missing-tests.test_sigterm_linux::test_native_sigterm_drains_transactions_and_releases_process_lock[active]]" time="0.011" /><testcase classname="tests.test_native_gate_policy" name="test_every_required_native_case_must_be_present_and_pass[missing-tests.test_sigterm_linux::test_native_sigterm_drains_transactions_and_releases_process_lock[committing]]" time="0.011" /><testcase classname="tests.test_native_gate_policy" name="test_every_required_native_case_must_be_present_and_pass[missing-tests.test_sigterm_linux::test_native_sigterm_drains_transactions_and_releases_process_lock[waiting]]" time="0.012" /><testcase classname="tests.test_native_gate_policy" name="test_every_required_native_case_must_be_present_and_pass[missing-tests.test_sigterm_linux::test_native_sigterm_fail_stops_while_transaction_owner_is_unresolved]" time="0.012" /><testcase classname="tests.test_native_gate_policy" name="test_partial_or_malformed_junit_cannot_pass[capability_only]" time="0.013" /><testcase classname="tests.test_native_gate_policy" name="test_partial_or_malformed_junit_cannot_pass[wrong_module]" time="0.014" /><testcase classname="tests.test_native_gate_policy" name="test_partial_or_malformed_junit_cannot_pass[duplicate]" time="0.027" /><testcase classname="tests.test_native_gate_policy" name="test_partial_or_malformed_junit_cannot_pass[counts]" time="0.015" /><testcase classname="tests.test_native_gate_policy" name="test_partial_or_malformed_junit_cannot_pass[empty]" time="0.012" /><testcase classname="tests.test_native_gate_policy" name="test_partial_or_malformed_junit_cannot_pass[invalid_xml]" time="0.012" /><testcase classname="tests.test_native_gate_policy" name="test_partial_or_malformed_junit_cannot_pass[unknown_status]" time="0.017" /><testcase classname="tests.test_native_gate_policy" name="test_partial_or_malformed_junit_cannot_pass[ambiguous_status]" time="0.016" /><testcase classname="tests.test_native_gate_policy" name="test_partial_or_malformed_junit_cannot_pass[nested_suite]" time="0.014" /><testcase classname="tests.test_native_gate_policy" name="test_partial_or_malformed_junit_cannot_pass[extra_case]" time="0.014" /><testcase classname="tests.test_native_gate_policy" name="test_partial_or_malformed_junit_cannot_pass[missing_counts]" time="0.015" /><testcase classname="tests.test_native_gate_policy" name="test_only_exact_namespace_skip_is_permitted[kernel/host denies unshare --net (EPERM/EACCES); production must keep PrivateNetwork=false and share init netns]" time="0.015" /><testcase classname="tests.test_native_gate_policy" name="test_only_exact_namespace_skip_is_permitted[kernel/host denies unshare --net (EPERM/EACCES); production must keep PrivateNetwork=false and share init netns; unrelated]" time="0.015" /><testcase classname="tests.test_native_gate_policy" name="test_only_exact_namespace_skip_is_permitted[unshare unavailable]" time="0.014" /><testcase classname="tests.test_native_gate_policy" name="test_only_exact_namespace_skip_is_permitted[permission denied]" time="0.015" /><testcase classname="tests.test_native_gate_policy" name="test_only_exact_namespace_skip_is_permitted[namespace not available]" time="0.017" /><testcase classname="tests.test_native_gate_policy" name="test_namespace_denial_requires_exact_pre_child_host_failure[1--unshare: unshare failed: Operation not permitted\n-True]" time="0.001" /><testcase classname="tests.test_native_gate_policy" name="test_namespace_denial_requires_exact_pre_child_host_failure[1--unshare: unshare failed: Permission denied\n-True]" time="0.001" /><testcase classname="tests.test_native_gate_policy" name="test_namespace_denial_requires_exact_pre_child_host_failure[1--Traceback: application import failed-False]" time="0.001" /><testcase classname="tests.test_native_gate_policy" name="test_namespace_denial_requires_exact_pre_child_host_failure[1--unshare: unshare failed: Invalid argument\n-False]" time="0.001" /><testcase classname="tests.test_native_gate_policy" name="test_namespace_denial_requires_exact_pre_child_host_failure[127--unshare: command not found-False]" time="0.001" /><testcase classname="tests.test_native_gate_policy" name="test_namespace_denial_requires_exact_pre_child_host_failure[1-NAMESPACE_CHILD_STARTED\n-unshare: unshare failed: Operation not permitted\n-False]" time="0.001" /><testcase classname="tests.test_native_gate_policy" name="test_namespace_denial_requires_exact_pre_child_host_failure[1--unshare: unshare failed: Operation not permitted\nTraceback-False]" time="0.001" /><testcase classname="tests.test_native_gate_policy" name="test_namespace_denial_requires_exact_pre_child_host_failure[23-NAMESPACE_CHILD_STARTED\nNAMESPACE_REJECTED\n--False]" time="0.001" /><testcase classname="tests.test_native_gate_policy" name="test_pytest_environment_cannot_inherit_selection_or_plugins" time="0.001" /><testcase classname="tests.test_native_gate_policy" name="test_native_inventory_matches_actual_marker_collection" time="2.622" /><testcase classname="tests.test_native_gate_policy" name="test_runner_preserves_evidence_and_fails_closed[passed]" time="0.129" /><testcase classname="tests.test_native_gate_policy" name="test_runner_preserves_evidence_and_fails_closed[missing]" time="0.041" /><testcase classname="tests.test_native_gate_policy" name="test_runner_preserves_evidence_and_fails_closed[malformed]" time="0.037" /><testcase classname="tests.test_native_gate_policy" name="test_runner_preserves_evidence_and_fails_closed[source_changed]" time="0.031" /><testcase classname="tests.test_native_gate_policy" name="test_runner_preserves_evidence_and_fails_closed[no_layout]" time="0.031" /><testcase classname="tests.test_native_gate_policy" name="test_runner_preserves_evidence_and_fails_closed[nonzero]" time="0.037" /><testcase classname="tests.test_native_gate_policy" name="test_windows_cannot_emit_native_success" time="0.064" /><testcase classname="tests.test_release_gate_remediation" name="test_every_release_object_drift_is_rejected[table-alembic_version-alembic_version]" time="0.093" /><testcase classname="tests.test_release_gate_remediation" name="test_every_release_object_drift_is_rejected[table-players-players]" time="0.112" /><testcase classname="tests.test_release_gate_remediation" name="test_every_release_object_drift_is_rejected[table-operations_transport_requests-operations_transport_requests]" time="0.100" /><testcase classname="tests.test_release_gate_remediation" name="test_every_release_object_drift_is_rejected[index-ix_operations_transport_requests_retain_until-operations_transport_requests]" time="0.099" /><testcase classname="tests.test_release_gate_remediation" name="test_every_release_object_drift_is_rejected[table-economy_accounts-economy_accounts]" time="0.096" /><testcase classname="tests.test_release_gate_remediation" name="test_every_release_object_drift_is_rejected[table-economy_account_balances-economy_account_balances]" time="0.095" /><testcase classname="tests.test_release_gate_remediation" name="test_every_release_object_drift_is_rejected[table-operations_integrity_violations-operations_integrity_violations]" time="0.094" /><testcase classname="tests.test_release_gate_remediation" name="test_every_release_object_drift_is_rejected[index-ix_operations_integrity_violations_aggregate_id-operations_integrity_violations]" time="0.099" /><testcase classname="tests.test_release_gate_remediation" name="test_every_release_object_drift_is_rejected[trigger-trg_players_require_wallet_after_insert-players]" time="0.094" /><testcase classname="tests.test_release_gate_remediation" name="test_every_release_object_drift_is_rejected[trigger-trg_players_integrity_after_delete-players]" time="0.094" /><testcase classname="tests.test_release_gate_remediation" name="test_every_release_object_drift_is_rejected[trigger-trg_accounts_require_balance_after_insert-economy_accounts]" time="0.095" /><testcase classname="tests.test_release_gate_remediation" name="test_every_release_object_drift_is_rejected[trigger-trg_accounts_integrity_after_delete-economy_accounts]" time="0.100" /><testcase classname="tests.test_release_gate_remediation" name="test_every_release_object_drift_is_rejected[trigger-trg_balances_complete_account_after_insert-economy_account_balances]" time="0.095" /><testcase classname="tests.test_release_gate_remediation" name="test_every_release_object_drift_is_rejected[trigger-trg_balances_integrity_after_delete-economy_account_balances]" time="0.103" /><testcase classname="tests.test_release_gate_remediation" name="test_every_release_object_drift_is_rejected[trigger-trg_integrity_violations_protect_active_delete-operations_integrity_violations]" time="0.097" /><testcase classname="tests.test_release_gate_remediation" name="test_every_release_object_drift_is_rejected[trigger-trg_integrity_violations_protect_update-operations_integrity_violations]" time="0.121" /><testcase classname="tests.test_release_gate_remediation" name="test_every_release_object_drift_is_rejected[table-economy_ledger_transactions-economy_ledger_transactions]" time="0.092" /><testcase classname="tests.test_release_gate_remediation" name="test_every_release_object_drift_is_rejected[index-ix_economy_ledger_transactions_committed_order-economy_ledger_transactions]" time="0.094" /><testcase classname="tests.test_release_gate_remediation" name="test_every_release_object_drift_is_rejected[table-economy_ledger_postings-economy_ledger_postings]" time="0.104" /><testcase classname="tests.test_release_gate_remediation" name="test_every_release_object_drift_is_rejected[trigger-trg_players_immutable_identity-players]" time="0.097" /><testcase classname="tests.test_release_gate_remediation" name="test_every_release_object_drift_is_rejected[trigger-trg_economy_accounts_immutable_identity-economy_accounts]" time="0.135" /><testcase classname="tests.test_release_gate_remediation" name="test_every_release_object_drift_is_rejected[trigger-trg_economy_account_balances_immutable_identity-economy_account_balances]" time="0.097" /><testcase classname="tests.test_release_gate_remediation" name="test_every_release_object_drift_is_rejected[trigger-trg_players_reject_conflicting_insert-players]" time="0.094" /><testcase classname="tests.test_release_gate_remediation" name="test_every_release_object_drift_is_rejected[trigger-trg_accounts_reject_conflicting_insert-economy_accounts]" time="0.092" /><testcase classname="tests.test_release_gate_remediation" name="test_every_release_object_drift_is_rejected[trigger-trg_balances_reject_conflicting_insert-economy_account_balances]" time="0.091" /><testcase classname="tests.test_release_gate_remediation" name="test_identity_mutation_and_rollback[players-id='aaaaaaaaaaaaaaaaaaaaaaaaaaaaaaaa']" time="0.120" /><testcase classname="tests.test_release_gate_remediation" name="test_identity_mutation_and_rollback[players-discord_user_id=discord_user_id+100]" time="0.115" /><testcase classname="tests.test_release_gate_remediation" name="test_identity_mutation_and_rollback[economy_accounts-id='aaaaaaaaaaaaaaaaaaaaaaaaaaaaaaaa']" time="0.120" /><testcase classname="tests.test_release_gate_remediation" name="test_identity_mutation_and_rollback[economy_accounts-player_id='00000000000000000000000000000002']" time="0.118" /><testcase classname="tests.test_release_gate_remediation" name="test_identity_mutation_and_rollback[economy_accounts-account_kind='issuance']" time="0.120" /><testcase classname="tests.test_release_gate_remediation" name="test_identity_mutation_and_rollback[economy_accounts-currency_key='other']" time="0.119" /><testcase classname="tests.test_release_gate_remediation" name="test_identity_mutation_and_rollback[economy_accounts-system_key='system.test']" time="0.118" /><testcase classname="tests.test_release_gate_remediation" name="test_identity_mutation_and_rollback[economy_account_balances-account_id='aaaaaaaaaaaaaaaaaaaaaaaaaaaaaaaa']" time="0.115" /><testcase classname="tests.test_release_gate_remediation" name="test_identity_mutation_and_rollback[economy_account_balances-account_kind='issuance']" time="0.115" /><testcase classname="tests.test_release_gate_remediation" name="test_identity_mutation_and_rollback[economy_accounts-player_id=NULL, account_kind='issuance', system_key='system.test']" time="0.116" /><testcase classname="tests.test_release_gate_remediation" name="test_frozen_baseline_independent_of_current_contract" time="0.088" /><testcase classname="tests.test_release_gate_remediation" name="test_capability_must_be_collected_and_pass[-True]" time="0.010" /><testcase classname="tests.test_release_gate_remediation" name="test_capability_must_be_collected_and_pass[&lt;failure/&gt;-False]" time="0.011" /><testcase classname="tests.test_release_gate_remediation" name="test_capability_must_be_collected_and_pass[&lt;error/&gt;-False]" time="0.011" /><testcase classname="tests.test_release_gate_remediation" name="test_capability_must_be_collected_and_pass[&lt;skipped/&gt;-False]" time="0.011" /><testcase classname="tests.test_release_gate_remediation" name="test_capability_must_be_collected_and_pass[missing-False]" time="0.010" /><testcase classname="tests.test_release_gate_remediation" name="test_only_documented_namespace_skip_allowed[test_native_separate_network_namespace_is_rejected-kernel/host denies unshare --net (EPERM/EACCES); production must keep PrivateNetwork=false and share init netns-True]" time="0.001" /><testcase classname="tests.test_release_gate_remediation" name="test_only_documented_namespace_skip_allowed[test_native_separate_network_namespace_is_rejected-unshare missing-False]" time="0.001" /><testcase classname="tests.test_release_gate_remediation" name="test_only_documented_namespace_skip_allowed[test_native_unexpected_effective_capability_is_rejected-kernel/host denies unshare --net (EPERM/EACCES); production must keep PrivateNetwork=false and share init netns-False]" time="0.001" /><testcase classname="tests.test_release_gate_remediation" name="test_only_documented_namespace_skip_allowed[unrelated-anything-False]" time="0.001" /><testcase classname="tests.test_release_gate_remediation" name="test_only_documented_namespace_skip_allowed[test_native_separate_network_namespace_is_rejected_extra-kernel/host denies unshare --net (EPERM/EACCES); production must keep PrivateNetwork=false and share init netns-False]" time="0.001" /><testcase classname="tests.test_release_gate_remediation" name="test_rejected_move_cannot_clear_missing_player_sentinel" time="0.101" /><testcase classname="tests.test_release_gate_remediation" name="test_weakened_constraints_rejected[operations_transport_requests]" time="0.100" /><testcase classname="tests.test_release_gate_remediation" name="test_weakened_constraints_rejected[economy_ledger_postings]" time="0.105" /><testcase classname="tests.test_release_gate_remediation" name="test_weakened_constraints_rejected[economy_ledger_transactions]" time="0.099" /><testcase classname="tests.test_release_gate_remediation" name="test_same_head_with_baseline_shape_rejected" time="0.097" /><testcase classname="tests.test_release_gate_remediation" name="test_upgrade_records_preexisting_hidden_hole" time="0.124" /></testsuite></testsuites>